<?xml version="1.0" encoding="UTF-8"?>
<testng-results ignored="0" total="1" passed="1" failed="0" skipped="0">
  <reporter-output>
  </reporter-output>
  <suite started-at="2020-07-09T18:13:10 IST" name="Default suite" finished-at="2020-07-09T18:13:25 IST" duration-ms="15446">
    <groups>
    </groups>
    <test started-at="2020-07-09T18:13:10 IST" name="Default test" finished-at="2020-07-09T18:13:25 IST" duration-ms="15446">
      <class name="MainExecutor.Executor">
        <test-method signature="First()[pri:0, instance:MainExecutor.Executor@5c1a8622]" started-at="2020-07-09T18:13:10 IST" name="First" finished-at="2020-07-09T18:13:25 IST" duration-ms="15373" status="PASS">
          <reporter-output>
          </reporter-output>
        </test-method> <!-- First -->
      </class> <!-- MainExecutor.Executor -->
    </test> <!-- Default test -->
  </suite> <!-- Default suite -->
</testng-results>
