<?xml version="1.0" encoding="UTF-8"?>
<testng-results ignored="0" total="1" passed="1" failed="0" skipped="0">
  <reporter-output>
  </reporter-output>
  <suite started-at="2020-07-01T17:19:00 IST" name="Default suite" finished-at="2020-07-01T17:19:06 IST" duration-ms="5662">
    <groups>
    </groups>
    <test started-at="2020-07-01T17:19:00 IST" name="Default test" finished-at="2020-07-01T17:19:06 IST" duration-ms="5662">
      <class name="MainExecutor.Executor">
        <test-method signature="First()[pri:0, instance:MainExecutor.Executor@b62fe6d]" started-at="2020-07-01T17:19:01 IST" name="First" finished-at="2020-07-01T17:19:06 IST" duration-ms="5582" status="PASS">
          <reporter-output>
          </reporter-output>
        </test-method> <!-- First -->
      </class> <!-- MainExecutor.Executor -->
    </test> <!-- Default test -->
  </suite> <!-- Default suite -->
</testng-results>
