<?xml version="1.0" encoding="UTF-8"?>
<testng-results ignored="0" total="1" passed="1" failed="0" skipped="0">
  <reporter-output>
  </reporter-output>
  <suite started-at="2019-12-09T15:33:50 IST" name="Default suite" finished-at="2019-12-09T15:34:04 IST" duration-ms="14301">
    <groups>
    </groups>
    <test started-at="2019-12-09T15:33:50 IST" name="Default test" finished-at="2019-12-09T15:34:04 IST" duration-ms="14301">
      <class name="automationFramework.Apache_POI_TC">
        <test-method signature="SendReport()[pri:0, instance:automationFramework.Apache_POI_TC@1d082e88]" started-at="2019-12-09T15:33:50 IST" name="SendReport" finished-at="2019-12-09T15:34:04 IST" duration-ms="14252" status="PASS">
          <reporter-output>
          </reporter-output>
        </test-method> <!-- SendReport -->
      </class> <!-- automationFramework.Apache_POI_TC -->
    </test> <!-- Default test -->
  </suite> <!-- Default suite -->
</testng-results>
